<?xml version="1.0" encoding="UTF-8"?>
<testng-results skipped="0" failed="0" ignored="0" total="1" passed="1">
  <reporter-output>
  </reporter-output>
  <suite name="Default suite" duration-ms="10416" started-at="2023-06-20T14:56:52 CDT" finished-at="2023-06-20T14:57:02 CDT">
    <groups>
    </groups>
    <test name="Default test" duration-ms="10416" started-at="2023-06-20T14:56:52 CDT" finished-at="2023-06-20T14:57:02 CDT">
      <class name="test.MonthDropDownTest">
        <test-method status="PASS" signature="userCanSelectMonth()[pri:0, instance:test.MonthDropDownTest@6acdbdf5]" name="userCanSelectMonth" duration-ms="10323" started-at="2023-06-20T14:56:52 CDT" finished-at="2023-06-20T14:57:02 CDT">
          <reporter-output>
          </reporter-output>
        </test-method> <!-- userCanSelectMonth -->
      </class> <!-- test.MonthDropDownTest -->
    </test> <!-- Default test -->
  </suite> <!-- Default suite -->
</testng-results>
